<?xml version="1.0" encoding="UTF-8"?>
<!-- Generated by org.testng.reporters.JUnitReportReporter -->
<testsuite hostname="Rajhans" failures="0" tests="1" name="com.pojoExecution.WorkspaceTest" time="4.850" errors="0" timestamp="2023-12-15T19:17:03 IST" skipped="0">
  <testcase classname="com.pojoExecution.WorkspaceTest" name="test" time="4.850"/>
  <system-out/>
</testsuite> <!-- com.pojoExecution.WorkspaceTest -->
