<?xml version="1.0" encoding="UTF-8"?>
<!-- Generated by org.testng.reporters.JUnitReportReporter -->
<testsuite hostname="Rajhans" failures="0" tests="1" name="com.CRUDoperationwithBDD.PostMethod" time="3.635" errors="0" timestamp="2023-12-09T12:41:46 IST" skipped="0">
  <testcase classname="com.CRUDoperationwithBDD.PostMethod" name="test" time="3.635"/>
  <system-out/>
</testsuite> <!-- com.CRUDoperationwithBDD.PostMethod -->
