<?xml version="1.0" encoding="UTF-8"?>
<!-- Generated by org.testng.reporters.JUnitReportReporter -->
<testsuite hostname="Rajhans" failures="0" tests="1" name="com.serializationAndDeserialization.WorkspaceTest" time="4.387" errors="0" timestamp="2023-12-15T16:03:22 IST" skipped="0">
  <testcase classname="com.serializationAndDeserialization.WorkspaceTest" name="test" time="4.387"/>
  <system-out/>
</testsuite> <!-- com.serializationAndDeserialization.WorkspaceTest -->
