<?xml version="1.0" encoding="UTF-8"?>
<!-- Generated by org.testng.reporters.JUnitReportReporter -->
<testsuite hostname="rajhansji" failures="0" tests="1" name="Practice.PostEx" time="3.095" errors="0" timestamp="2023-09-18T22:23:58 IST" skipped="0">
  <testcase classname="Practice.PostEx" name="test" time="3.095"/>
  <system-out/>
</testsuite> <!-- Practice.PostEx -->
