<?xml version="1.0" encoding="UTF-8"?>
<!-- Generated by org.testng.reporters.JUnitReportReporter -->
<testsuite hostname="Rajhans" failures="0" tests="2" name="com.parameters.FormParam_Multipart_File_test" time="6.344" errors="0" timestamp="2023-12-11T12:14:17 IST" skipped="0">
  <testcase classname="com.parameters.FormParam_Multipart_File_test" name="test_form" time="2.395"/>
  <system-out/>
  <testcase classname="com.parameters.FormParam_Multipart_File_test" name="test_file" time="3.949"/>
  <system-out/>
</testsuite> <!-- com.parameters.FormParam_Multipart_File_test -->
