<?xml version="1.0" encoding="UTF-8"?>
<!-- Generated by org.testng.reporters.JUnitReportReporter -->
<testsuite hostname="Rajhans" failures="0" tests="1" name="uPractice.Extract_Response_Headers" time="3.911" errors="0" timestamp="2023-12-07T11:15:21 IST" skipped="0">
  <testcase classname="uPractice.Extract_Response_Headers" name="test" time="3.911"/>
  <system-out/>
</testsuite> <!-- uPractice.Extract_Response_Headers -->
