<?xml version="1.0" encoding="UTF-8"?>
<!-- Generated by org.testng.reporters.JUnitReportReporter -->
<testsuite hostname="Rajhans" failures="0" tests="1" name="com.diffrentWayToPost.UsingHashMap" time="3.889" errors="0" timestamp="2023-12-10T10:40:54 IST" skipped="0">
  <testcase classname="com.diffrentWayToPost.UsingHashMap" name="test" time="3.889"/>
  <system-out/>
</testsuite> <!-- com.diffrentWayToPost.UsingHashMap -->
