<?xml version="1.0" encoding="UTF-8"?>
<!-- Generated by org.testng.reporters.JUnitReportReporter -->
<testsuite hostname="Rajhans" failures="0" tests="1" name="uPractice.BodyValidation" time="4.628" errors="0" timestamp="2023-12-07T09:38:05 IST" skipped="0">
  <testcase classname="uPractice.BodyValidation" name="test" time="4.628"/>
  <system-out/>
</testsuite> <!-- uPractice.BodyValidation -->
