<?xml version="1.0" encoding="UTF-8"?>
<!-- Generated by org.testng.reporters.JUnitReportReporter -->
<testsuite hostname="Rajhans" failures="0" tests="1" name="com.diffrentWayToPost.CombinationOfArrayListAndHashMap" time="4.118" errors="0" timestamp="2023-12-11T11:02:04 IST" skipped="0">
  <testcase classname="com.diffrentWayToPost.CombinationOfArrayListAndHashMap" name="test" time="4.118"/>
  <system-out/>
</testsuite> <!-- com.diffrentWayToPost.CombinationOfArrayListAndHashMap -->
