<?xml version="1.0" encoding="UTF-8"?>
<!-- Generated by org.testng.reporters.JUnitReportReporter -->
<testsuite hostname="Rajhans" failures="0" tests="1" name="uPractice.GetTest1postman" time="4.209" errors="0" timestamp="2023-12-02T11:02:00 IST" skipped="0">
  <testcase classname="uPractice.GetTest1postman" name="test" time="4.209"/>
  <system-out/>
</testsuite> <!-- uPractice.GetTest1postman -->
