<?xml version="1.0" encoding="UTF-8"?>
<!-- Generated by org.testng.reporters.JUnitReportReporter -->
<testsuite hostname="Rajhans" failures="0" tests="1" name="uPractice.Valiadte_response_body_hamcrest" time="4.929" errors="0" timestamp="2023-12-07T09:39:51 IST" skipped="0">
  <testcase classname="uPractice.Valiadte_response_body_hamcrest" name="test" time="4.929"/>
  <system-out/>
</testsuite> <!-- uPractice.Valiadte_response_body_hamcrest -->
