<?xml version="1.0" encoding="UTF-8"?>
<!-- Generated by org.testng.reporters.JUnitReportReporter -->
<testsuite hostname="Rajhans" failures="0" tests="1" name="com.reqspecification.RequestSpecBuilderExample2" time="3.891" errors="0" timestamp="2023-12-08T13:00:19 IST" skipped="0">
  <testcase classname="com.reqspecification.RequestSpecBuilderExample2" name="test" time="3.891"/>
  <system-out/>
</testsuite> <!-- com.reqspecification.RequestSpecBuilderExample2 -->
