<?xml version="1.0" encoding="UTF-8"?>
<!-- Generated by org.testng.reporters.JUnitReportReporter -->
<testsuite hostname="Rajhans" failures="0" tests="1" name="com.pojoExecution.SimplePojoTest" time="4.617" errors="0" timestamp="2023-12-14T23:18:53 IST" skipped="0">
  <testcase classname="com.pojoExecution.SimplePojoTest" name="test" time="4.617"/>
  <system-out/>
</testsuite> <!-- com.pojoExecution.SimplePojoTest -->
