<?xml version="1.0" encoding="UTF-8"?>
<!-- Generated by org.testng.reporters.JUnitReportReporter -->
<testsuite hostname="Rajhans" failures="0" tests="3" name="com.reqspecification.RequestSpecBuilderExample3" time="6.218" errors="0" timestamp="2023-12-09T09:11:34 IST" skipped="0">
  <testcase classname="com.reqspecification.RequestSpecBuilderExample3" name="test1" time="3.286"/>
  <system-out/>
  <testcase classname="com.reqspecification.RequestSpecBuilderExample3" name="test" time="0.677"/>
  <system-out/>
  <testcase classname="com.reqspecification.RequestSpecBuilderExample3" name="test2" time="2.255"/>
  <system-out/>
</testsuite> <!-- com.reqspecification.RequestSpecBuilderExample3 -->
