<?xml version="1.0" encoding="UTF-8"?>
<!-- Generated by org.testng.reporters.JUnitReportReporter -->
<testsuite hostname="Rajhans" failures="0" tests="1" name="com.diffrentWayToPost.JsonFile" time="3.575" errors="0" timestamp="2023-12-10T10:42:17 IST" skipped="0">
  <testcase classname="com.diffrentWayToPost.JsonFile" name="fileTest" time="3.575"/>
  <system-out/>
</testsuite> <!-- com.diffrentWayToPost.JsonFile -->
