<?xml version="1.0" encoding="UTF-8"?>
<!-- Generated by org.testng.reporters.JUnitReportReporter -->
<testsuite hostname="Rajhans" failures="0" tests="1" name="com.serializationAndDeserialization.ObjectNodeExample" time="3.509" errors="0" timestamp="2023-12-12T17:33:49 IST" skipped="0">
  <testcase classname="com.serializationAndDeserialization.ObjectNodeExample" name="test" time="3.509"/>
  <system-out/>
</testsuite> <!-- com.serializationAndDeserialization.ObjectNodeExample -->
