<?xml version="1.0" encoding="UTF-8"?>
<!-- Generated by org.testng.reporters.JUnitReportReporter -->
<testsuite hostname="Rajhans" failures="0" tests="1" name="uPractice.Extract_Single_value" time="4.973" errors="0" timestamp="2023-12-07T09:26:05 IST" skipped="0">
  <testcase classname="uPractice.Extract_Single_value" name="test" time="4.973"/>
  <system-out/>
</testsuite> <!-- uPractice.Extract_Single_value -->
