<?xml version="1.0" encoding="UTF-8"?>
<!-- Generated by org.testng.reporters.JUnitReportReporter -->
<testsuite hostname="Rajhans" failures="0" tests="1" name="com.uPractice.Delete_workspace" time="3.979" errors="0" timestamp="2023-12-22T09:30:12 IST" skipped="0">
  <testcase classname="com.uPractice.Delete_workspace" name="test" time="3.979"/>
  <system-out/>
</testsuite> <!-- com.uPractice.Delete_workspace -->
