<?xml version="1.0" encoding="UTF-8"?>
<!-- Generated by org.testng.reporters.JUnitReportReporter -->
<testsuite hostname="Rajhans" failures="0" tests="1" name="com.uPractice.Extract_response" time="3.544" errors="0" timestamp="2023-12-22T11:25:21 IST" skipped="0">
  <testcase classname="com.uPractice.Extract_response" name="test" time="3.544"/>
  <system-out/>
</testsuite> <!-- com.uPractice.Extract_response -->
