<?xml version="1.0" encoding="UTF-8"?>
<!-- Generated by org.testng.reporters.JUnitReportReporter -->
<testsuite hostname="rajhansji" failures="0" tests="1" name="serializationDeserialization.StudentDeserialize" time="0.168" errors="0" timestamp="2023-07-05T13:14:46 IST" skipped="0">
  <testcase classname="serializationDeserialization.StudentDeserialize" name="deserializeStudent" time="0.168"/>
  <system-out/>
</testsuite> <!-- serializationDeserialization.StudentDeserialize -->
