<?xml version="1.0" encoding="UTF-8"?>
<!-- Generated by org.testng.reporters.JUnitReportReporter -->
<testsuite hostname="rajhansji" failures="0" tests="1" name="Practice.BodyValid" time="2.347" errors="0" timestamp="2023-09-18T22:29:45 IST" skipped="0">
  <testcase classname="Practice.BodyValid" name="test" time="2.347"/>
  <system-out/>
</testsuite> <!-- Practice.BodyValid -->
