<?xml version="1.0" encoding="UTF-8"?>
<!-- Generated by org.testng.reporters.JUnitReportReporter -->
<testsuite hostname="Rajhans" failures="0" tests="1" name="uPractice.GetAll_Workspaces" time="4.831" errors="0" timestamp="2023-12-07T09:25:39 IST" skipped="0">
  <testcase classname="uPractice.GetAll_Workspaces" name="test" time="4.831"/>
  <system-out/>
</testsuite> <!-- uPractice.GetAll_Workspaces -->
