<?xml version="1.0" encoding="UTF-8"?>
<!-- Generated by org.testng.reporters.JUnitReportReporter -->
<testsuite hostname="Rajhans" failures="0" tests="1" name="com.restassuredFilter.Filter_Example" time="7.675" errors="0" timestamp="2023-12-12T12:21:23 IST" skipped="0">
  <testcase classname="com.restassuredFilter.Filter_Example" name="filter_Test" time="7.675"/>
  <system-out/>
</testsuite> <!-- com.restassuredFilter.Filter_Example -->
