<?xml version="1.0" encoding="UTF-8"?>
<!-- Generated by org.testng.reporters.JUnitReportReporter -->
<testsuite hostname="Rajhans" failures="0" tests="1" name="uPractice.AutomateHeaders" time="4.191" errors="0" timestamp="2023-12-07T10:48:14 IST" skipped="0">
  <testcase classname="uPractice.AutomateHeaders" name="test" time="4.191"/>
  <system-out/>
</testsuite> <!-- uPractice.AutomateHeaders -->
