<?xml version="1.0" encoding="UTF-8"?>
<!-- Generated by org.testng.reporters.JUnitReportReporter -->
<testsuite hostname="Rajhans" failures="0" tests="1" name="com.uPractice.BodyValidation" time="4.647" errors="0" timestamp="2023-12-22T11:06:25 IST" skipped="0">
  <testcase classname="com.uPractice.BodyValidation" name="test" time="4.647"/>
  <system-out/>
</testsuite> <!-- com.uPractice.BodyValidation -->
