<?xml version="1.0" encoding="UTF-8"?>
<!-- Generated by org.testng.reporters.JUnitReportReporter -->
<testsuite hostname="Rajhans" failures="0" tests="3" name="com.reqspecification.RequestSpecBuilderExample5" time="6.322" errors="0" timestamp="2023-12-09T09:24:15 IST" skipped="0">
  <testcase classname="com.reqspecification.RequestSpecBuilderExample5" name="test2" time="2.805"/>
  <system-out/>
  <testcase classname="com.reqspecification.RequestSpecBuilderExample5" name="test" time="0.613"/>
  <system-out/>
  <testcase classname="com.reqspecification.RequestSpecBuilderExample5" name="test1" time="2.904"/>
  <system-out/>
</testsuite> <!-- com.reqspecification.RequestSpecBuilderExample5 -->
