<?xml version="1.0" encoding="UTF-8"?>
<!-- Generated by org.testng.reporters.JUnitReportReporter -->
<testsuite hostname="rajhansji" failures="0" tests="1" name="crudWithBDD.UpdateRepo" time="2.930" errors="0" timestamp="2023-07-05T22:44:51 IST" skipped="0">
  <testcase classname="crudWithBDD.UpdateRepo" name="updaterepo" time="2.930"/>
  <system-out/>
</testsuite> <!-- crudWithBDD.UpdateRepo -->
