<?xml version="1.0" encoding="UTF-8"?>
<!-- Generated by org.testng.reporters.JUnitReportReporter -->
<testsuite hostname="Rajhans" failures="0" tests="1" name="com.uPractice.Extract_Response_Headers" time="4.992" errors="0" timestamp="2023-12-30T12:31:38 IST" skipped="0">
  <testcase classname="com.uPractice.Extract_Response_Headers" name="test" time="4.992"/>
  <system-out/>
</testsuite> <!-- com.uPractice.Extract_Response_Headers -->
