<?xml version="1.0" encoding="UTF-8"?>
<!-- Generated by org.testng.reporters.JUnitReportReporter -->
<testsuite hostname="Rajhans" failures="0" tests="1" name="crudWithBDD.Deleterepo" time="12.641" errors="0" timestamp="2023-10-26T22:15:09 IST" skipped="0">
  <testcase classname="crudWithBDD.Deleterepo" name="deleteRepo" time="12.641"/>
  <system-out/>
</testsuite> <!-- crudWithBDD.Deleterepo -->
