<?xml version="1.0" encoding="UTF-8"?>
<!-- Generated by org.testng.reporters.JUnitReportReporter -->
<testsuite hostname="Rajhans" failures="0" tests="1" name="com.parameters.Form_param_url_encoded" time="4.331" errors="0" timestamp="2023-12-11T14:01:02 IST" skipped="0">
  <testcase classname="com.parameters.Form_param_url_encoded" name="test_form" time="4.331"/>
  <system-out/>
</testsuite> <!-- com.parameters.Form_param_url_encoded -->
