<?xml version="1.0" encoding="UTF-8"?>
<!-- Generated by org.testng.reporters.JUnitReportReporter -->
<testsuite hostname="rajhansji" failures="0" tests="1" name="Practice.Demo" time="3.237" errors="0" timestamp="2023-09-18T22:24:19 IST" skipped="0">
  <testcase classname="Practice.Demo" name="test" time="3.237"/>
  <system-out/>
</testsuite> <!-- Practice.Demo -->
