<?xml version="1.0" encoding="UTF-8"?>
<!-- Generated by org.testng.reporters.JUnitReportReporter -->
<testsuite hostname="Rajhans" failures="0" tests="1" name="uPractice.Extract_response" time="4.075" errors="0" timestamp="2023-12-07T09:21:11 IST" skipped="0">
  <testcase classname="uPractice.Extract_response" name="test" time="4.075"/>
  <system-out/>
</testsuite> <!-- uPractice.Extract_response -->
