<?xml version="1.0" encoding="UTF-8"?>
<!-- Generated by org.testng.reporters.JUnitReportReporter -->
<testsuite hostname="Rajhans" failures="0" tests="1" name="uPractice.DiffrentWay_logging" time="4.330" errors="0" timestamp="2023-12-03T09:28:23 IST" skipped="0">
  <testcase classname="uPractice.DiffrentWay_logging" name="test" time="4.330"/>
  <system-out/>
</testsuite> <!-- uPractice.DiffrentWay_logging -->
