<?xml version="1.0" encoding="UTF-8"?>
<!-- Generated by org.testng.reporters.JUnitReportReporter -->
<testsuite hostname="rajhansji" failures="0" tests="1" name="crudWithBDD.Deleterepo" time="1.744" errors="0" timestamp="2023-07-05T23:01:24 IST" skipped="0">
  <testcase classname="crudWithBDD.Deleterepo" name="deleteRepo" time="1.744"/>
  <system-out/>
</testsuite> <!-- crudWithBDD.Deleterepo -->
