<?xml version="1.0" encoding="UTF-8"?>
<!-- Generated by org.testng.reporters.JUnitReportReporter -->
<testsuite hostname="Rajhans" failures="0" tests="1" name="com.serializationAndDeserialization.SimplePojoDeserialize" time="3.406" errors="0" timestamp="2023-12-15T12:16:01 IST" skipped="0">
  <testcase classname="com.serializationAndDeserialization.SimplePojoDeserialize" name="test" time="3.406"/>
  <system-out/>
</testsuite> <!-- com.serializationAndDeserialization.SimplePojoDeserialize -->
