<?xml version="1.0" encoding="UTF-8"?>
<!-- Generated by org.testng.reporters.JUnitReportReporter -->
<testsuite hostname="Rajhans" failures="0" tests="1" name="uPractice.AutomateHeadersAndAssert" time="4.142" errors="0" timestamp="2023-12-07T10:57:07 IST" skipped="0">
  <testcase classname="uPractice.AutomateHeadersAndAssert" name="test" time="4.142"/>
  <system-out/>
</testsuite> <!-- uPractice.AutomateHeadersAndAssert -->
