<?xml version="1.0" encoding="UTF-8"?>
<!-- Generated by org.testng.reporters.JUnitReportReporter -->
<testsuite hostname="Rajhans" failures="0" tests="3" name="com.reqspecification.RequestSpecBuilderExample4" time="5.477" errors="0" timestamp="2023-12-09T09:18:51 IST" skipped="0">
  <testcase classname="com.reqspecification.RequestSpecBuilderExample4" name="test2" time="2.185"/>
  <system-out/>
  <testcase classname="com.reqspecification.RequestSpecBuilderExample4" name="test1" time="2.684"/>
  <system-out/>
  <testcase classname="com.reqspecification.RequestSpecBuilderExample4" name="test" time="0.608"/>
  <system-out/>
</testsuite> <!-- com.reqspecification.RequestSpecBuilderExample4 -->
