<?xml version="1.0" encoding="UTF-8"?>
<!-- Generated by org.testng.reporters.JUnitReportReporter -->
<testsuite hostname="Rajhans" failures="0" tests="1" name="com.diffrentWayToPost.CombinationOfArrayListAndHashMap" time="3.506" errors="0" timestamp="2023-12-23T08:37:06 IST" skipped="0">
  <testcase classname="com.diffrentWayToPost.CombinationOfArrayListAndHashMap" name="test" time="3.506"/>
  <system-out/>
</testsuite> <!-- com.diffrentWayToPost.CombinationOfArrayListAndHashMap -->
