<?xml version="1.0" encoding="UTF-8"?>
<!-- Generated by org.testng.reporters.JUnitReportReporter -->
<testsuite hostname="Rajhans" failures="0" tests="2" name="com.parameters.DownLoadAFile" time="6.182" errors="0" timestamp="2023-12-11T12:53:18 IST" skipped="1">
  <testcase classname="com.parameters.DownLoadAFile" name="test_form2" time="6.182"/>
  <system-out/>
  <testcase classname="com.parameters.DownLoadAFile" name="test_form">
    <skipped/>
  </testcase> <!-- test_form -->
  <system-out/>
</testsuite> <!-- com.parameters.DownLoadAFile -->
