<?xml version="1.0" encoding="UTF-8"?>
<!-- Generated by org.testng.reporters.JUnitReportReporter -->
<testsuite hostname="rajhansji" failures="0" tests="1" name="crudWithBDD.CreateRepo" time="2.782" errors="0" timestamp="2023-07-07T10:17:33 IST" skipped="0">
  <testcase classname="crudWithBDD.CreateRepo" name="createRepo" time="2.782"/>
  <system-out/>
</testsuite> <!-- crudWithBDD.CreateRepo -->
