<?xml version="1.0" encoding="UTF-8"?>
<!-- Generated by org.testng.reporters.JUnitReportReporter -->
<testsuite hostname="Rajhans" failures="0" tests="1" name="com.CRUDoperationwithBDD.PUTMethodBddAndNonBdd" time="4.099" errors="0" timestamp="2023-12-09T12:56:47 IST" skipped="0">
  <testcase classname="com.CRUDoperationwithBDD.PUTMethodBddAndNonBdd" name="test" time="4.099"/>
  <system-out/>
</testsuite> <!-- com.CRUDoperationwithBDD.PUTMethodBddAndNonBdd -->
