<?xml version="1.0" encoding="UTF-8"?>
<!-- Generated by org.testng.reporters.JUnitReportReporter -->
<testsuite hostname="Rajhans" failures="0" tests="1" name="com.parameters.FormParam" time="3.689" errors="0" timestamp="2023-12-11T11:58:25 IST" skipped="0">
  <testcase classname="com.parameters.FormParam" name="test_form" time="3.689"/>
  <system-out/>
</testsuite> <!-- com.parameters.FormParam -->
