<?xml version="1.0" encoding="UTF-8"?>
<!-- Generated by org.testng.reporters.JUnitReportReporter -->
<testsuite hostname="Rajhans" failures="0" tests="1" name="com.jsonschemavalidate.Validate_Json_Schema" time="3.689" errors="0" timestamp="2023-12-11T14:22:39 IST" skipped="0">
  <testcase classname="com.jsonschemavalidate.Validate_Json_Schema" name="test" time="3.689"/>
  <system-out/>
</testsuite> <!-- com.jsonschemavalidate.Validate_Json_Schema -->
