<?xml version="1.0" encoding="UTF-8"?>
<!-- Generated by org.testng.reporters.JUnitReportReporter -->
<testsuite hostname="Rajhans" failures="0" tests="1" name="uPractice.Delete_workspace" time="4.026" errors="0" timestamp="2023-12-03T08:24:26 IST" skipped="0">
  <testcase classname="uPractice.Delete_workspace" name="test" time="4.026"/>
  <system-out/>
</testsuite> <!-- uPractice.Delete_workspace -->
