<?xml version="1.0" encoding="UTF-8"?>
<!-- Generated by org.testng.reporters.JUnitReportReporter -->
<testsuite hostname="Rajhans" failures="0" tests="1" name="com.uPractice.AutomateHeadersAndAssert" time="3.441" errors="0" timestamp="2023-12-22T11:03:48 IST" skipped="0">
  <testcase classname="com.uPractice.AutomateHeadersAndAssert" name="test" time="3.441"/>
  <system-out/>
</testsuite> <!-- com.uPractice.AutomateHeadersAndAssert -->
