<?xml version="1.0" encoding="UTF-8"?>
<!-- Generated by org.testng.reporters.JUnitReportReporter -->
<testsuite hostname="rajhansji" failures="0" tests="1" name="crudWithoutBDD.FetchRepo" time="2.034" errors="0" timestamp="2023-07-05T22:02:41 IST" skipped="0">
  <testcase classname="crudWithoutBDD.FetchRepo" name="fetchRepo" time="2.034"/>
  <system-out/>
</testsuite> <!-- crudWithoutBDD.FetchRepo -->
