<?xml version="1.0" encoding="UTF-8"?>
<!-- Generated by org.testng.reporters.JUnitReportReporter -->
<testsuite hostname="Rajhans" failures="0" tests="1" name="com.reqspecification.RequestSpecBuilderuary" time="0.007" errors="0" timestamp="2023-12-08T13:12:58 IST" skipped="0">
  <testcase classname="com.reqspecification.RequestSpecBuilderuary" name="test" time="0.007"/>
  <system-out/>
</testsuite> <!-- com.reqspecification.RequestSpecBuilderuary -->
