<?xml version="1.0" encoding="UTF-8"?>
<!-- Generated by org.testng.reporters.JUnitReportReporter -->
<testsuite hostname="Rajhans" failures="0" tests="1" name="com.parameters.PathParamater" time="2.139" errors="0" timestamp="2023-12-11T11:42:59 IST" skipped="0">
  <testcase classname="com.parameters.PathParamater" name="test" time="2.139"/>
  <system-out/>
</testsuite> <!-- com.parameters.PathParamater -->
