<?xml version="1.0" encoding="UTF-8"?>
<!-- Generated by org.testng.reporters.JUnitReportReporter -->
<testsuite hostname="Rajhans" failures="0" tests="1" name="com.uPractice.GetAll_Workspaces" time="9.165" errors="0" timestamp="2023-12-09T12:45:41 IST" skipped="0">
  <testcase classname="com.uPractice.GetAll_Workspaces" name="test" time="9.165"/>
  <system-out/>
</testsuite> <!-- com.uPractice.GetAll_Workspaces -->
