<?xml version="1.0" encoding="UTF-8"?>
<!-- Generated by org.testng.reporters.JUnitReportReporter -->
<testsuite hostname="Rajhans" failures="0" tests="2" name="com.serializationAndDeserialization.AutomaticSerializeArrayList" time="3.248" errors="0" timestamp="2023-12-12T21:30:06 IST" skipped="1">
  <testcase classname="com.serializationAndDeserialization.AutomaticSerializeArrayList" name="test2" time="3.248"/>
  <system-out/>
  <testcase classname="com.serializationAndDeserialization.AutomaticSerializeArrayList" name="test">
    <skipped/>
  </testcase> <!-- test -->
  <system-out/>
</testsuite> <!-- com.serializationAndDeserialization.AutomaticSerializeArrayList -->
