<?xml version="1.0" encoding="UTF-8"?>
<!-- Generated by org.testng.reporters.JUnitReportReporter -->
<testsuite hostname="Rajhans" failures="0" tests="2" name="com.pojoExecution.ReusingPojoByDataprovider" time="6.285" errors="0" timestamp="2023-12-15T18:49:28 IST" skipped="0">
  <testcase classname="com.pojoExecution.ReusingPojoByDataprovider" name="test" time="2.542"/>
  <system-out/>
  <testcase classname="com.pojoExecution.ReusingPojoByDataprovider" name="test" time="3.743"/>
  <system-out/>
</testsuite> <!-- com.pojoExecution.ReusingPojoByDataprovider -->
