<?xml version="1.0" encoding="UTF-8"?>
<!-- Generated by org.testng.reporters.JUnitReportReporter -->
<testsuite hostname="Rajhans" failures="0" tests="2" name="com.reqspecification.RequestSpecificationExample" time="3.888" errors="0" timestamp="2023-12-08T12:28:35 IST" skipped="1">
  <testcase classname="com.reqspecification.RequestSpecificationExample" name="test2" time="3.888"/>
  <system-out/>
  <testcase classname="com.reqspecification.RequestSpecificationExample" name="test">
    <skipped/>
  </testcase> <!-- test -->
  <system-out/>
</testsuite> <!-- com.reqspecification.RequestSpecificationExample -->
