<?xml version="1.0" encoding="UTF-8"?>
<!-- Generated by org.testng.reporters.JUnitReportReporter -->
<testsuite hostname="Rajhans" failures="0" tests="1" name="com.uPractice.Delete_workspace" time="4.291" errors="0" timestamp="2023-12-09T12:30:44 IST" skipped="0">
  <testcase classname="com.uPractice.Delete_workspace" name="test" time="4.291"/>
  <system-out/>
</testsuite> <!-- com.uPractice.Delete_workspace -->
