<?xml version="1.0" encoding="UTF-8"?>
<!-- Generated by org.testng.reporters.JUnitReportReporter -->
<testsuite hostname="Rajhans" failures="0" tests="1" name="com.diffrentWayToPost.UsingArrayList" time="3.505" errors="0" timestamp="2023-12-10T11:03:47 IST" skipped="0">
  <testcase classname="com.diffrentWayToPost.UsingArrayList" name="test" time="3.505"/>
  <system-out/>
</testsuite> <!-- com.diffrentWayToPost.UsingArrayList -->
