<?xml version="1.0" encoding="UTF-8"?>
<!-- Generated by org.testng.reporters.JUnitReportReporter -->
<testsuite hostname="Rajhans" failures="0" tests="1" name="com.AuthorizationAndAuthentication.Sendmsg" time="2.349" errors="0" timestamp="2023-12-24T17:02:23 IST" skipped="0">
  <testcase classname="com.AuthorizationAndAuthentication.Sendmsg" name="sendTest" time="2.349"/>
  <system-out/>
</testsuite> <!-- com.AuthorizationAndAuthentication.Sendmsg -->
