<?xml version="1.0" encoding="UTF-8"?>
<!-- Generated by org.testng.reporters.JUnitReportReporter -->
<testsuite hostname="Rajhans" failures="0" tests="1" name="com.reqspecification.RequestSpecificationExample2" time="4.432" errors="0" timestamp="2023-12-08T12:50:13 IST" skipped="0">
  <testcase classname="com.reqspecification.RequestSpecificationExample2" name="test" time="4.432"/>
  <system-out/>
</testsuite> <!-- com.reqspecification.RequestSpecificationExample2 -->
