<?xml version="1.0" encoding="UTF-8"?>
<!-- Generated by org.testng.reporters.JUnitReportReporter -->
<testsuite hostname="Rajhans" failures="0" tests="1" name="com.uPractice.Extract_Single_value" time="4.918" errors="0" timestamp="2023-12-22T11:32:27 IST" skipped="0">
  <testcase classname="com.uPractice.Extract_Single_value" name="test" time="4.918"/>
  <system-out/>
</testsuite> <!-- com.uPractice.Extract_Single_value -->
