<?xml version="1.0" encoding="UTF-8"?>
<!-- Generated by org.testng.reporters.JUnitReportReporter -->
<testsuite hostname="Rajhans" failures="0" tests="2" name="com.parameters.QueryParameter" time="5.509" errors="0" timestamp="2023-12-11T11:37:45 IST" skipped="0">
  <testcase classname="com.parameters.QueryParameter" name="test" time="2.082"/>
  <system-out/>
  <testcase classname="com.parameters.QueryParameter" name="multiValueParameters_test" time="3.427"/>
  <system-out/>
</testsuite> <!-- com.parameters.QueryParameter -->
