<?xml version="1.0" encoding="UTF-8"?>
<!-- Generated by org.testng.reporters.JUnitReportReporter -->
<testsuite hostname="Rajhans" failures="0" tests="1" name="com.CRUDoperationwithBDD.PostMethodBDDANDNONBDD" time="5.195" errors="0" timestamp="2023-12-10T10:02:05 IST" skipped="0">
  <testcase classname="com.CRUDoperationwithBDD.PostMethodBDDANDNONBDD" name="test" time="5.195"/>
  <system-out/>
</testsuite> <!-- com.CRUDoperationwithBDD.PostMethodBDDANDNONBDD -->
