<?xml version="1.0" encoding="UTF-8"?>
<!-- Generated by org.testng.reporters.JUnitReportReporter -->
<testsuite hostname="rajhansji" failures="0" tests="1" name="crudWithoutBDD.CreateRepo" time="2.722" errors="0" timestamp="2023-07-05T13:57:43 IST" skipped="0">
  <testcase classname="crudWithoutBDD.CreateRepo" name="createRepo" time="2.722"/>
  <system-out/>
</testsuite> <!-- crudWithoutBDD.CreateRepo -->
