<?xml version="1.0" encoding="UTF-8"?>
<!-- Generated by org.testng.reporters.JUnitReportReporter -->
<testsuite hostname="Rajhans" failures="0" tests="1" name="Practice.Demo" time="3.295" errors="0" timestamp="2023-12-02T10:06:46 IST" skipped="0">
  <testcase classname="Practice.Demo" name="test" time="3.295"/>
  <system-out/>
</testsuite> <!-- Practice.Demo -->
