<?xml version="1.0" encoding="UTF-8"?>
<!-- Generated by org.testng.reporters.JUnitReportReporter -->
<testsuite hostname="Rajhans" failures="0" tests="1" name="com.postman.collection.CreateCollection" time="5.873" errors="0" timestamp="2023-12-16T14:42:35 IST" skipped="0">
  <testcase classname="com.postman.collection.CreateCollection" name="test" time="5.873"/>
  <system-out/>
</testsuite> <!-- com.postman.collection.CreateCollection -->
