<?xml version="1.0" encoding="UTF-8"?>
<!-- Generated by org.testng.reporters.JUnitReportReporter -->
<testsuite hostname="Rajhans" failures="0" tests="1" name="com.restassuredFilter.Reuse_Filter" time="2.703" errors="0" timestamp="2023-12-12T12:53:14 IST" skipped="0">
  <testcase classname="com.restassuredFilter.Reuse_Filter" name="filter_Test" time="2.703"/>
  <system-out/>
</testsuite> <!-- com.restassuredFilter.Reuse_Filter -->
