<?xml version="1.0" encoding="UTF-8"?>
<!-- Generated by org.testng.reporters.JUnitReportReporter -->
<testsuite hostname="Rajhans" failures="0" tests="1" name="com.serializationAndDeserialization.AutomaticSerialize" time="6.040" errors="0" timestamp="2023-12-12T17:11:59 IST" skipped="0">
  <testcase classname="com.serializationAndDeserialization.AutomaticSerialize" name="test" time="6.040"/>
  <system-out/>
</testsuite> <!-- com.serializationAndDeserialization.AutomaticSerialize -->
