<?xml version="1.0" encoding="UTF-8"?>
<!-- Generated by org.testng.reporters.JUnitReportReporter -->
<testsuite hostname="Rajhans" failures="0" tests="1" name="com.uPractice.GetAll_Workspaces" time="3.613" errors="0" timestamp="2023-12-22T09:30:19 IST" skipped="0">
  <testcase classname="com.uPractice.GetAll_Workspaces" name="test" time="3.613"/>
  <system-out/>
</testsuite> <!-- com.uPractice.GetAll_Workspaces -->
