<?xml version="1.0" encoding="UTF-8"?>
<!-- Generated by org.testng.reporters.JUnitReportReporter -->
<testsuite hostname="Rajhans" failures="0" tests="1" name="com.AuthorizationAndAuthentication.GetGmailProfile" time="1.480" errors="0" timestamp="2023-12-24T16:56:31 IST" skipped="0">
  <testcase classname="com.AuthorizationAndAuthentication.GetGmailProfile" name="test" time="1.480"/>
  <system-out/>
</testsuite> <!-- com.AuthorizationAndAuthentication.GetGmailProfile -->
